<?xml version="1.0" encoding="UTF-8"?>
<testsuite xmlns:xsi="http://www.w3.org/2001/XMLSchema-instance" xsi:noNamespaceSchemaLocation="https://maven.apache.org/surefire/maven-surefire-plugin/xsd/surefire-test-report-3.0.xsd" version="3.0" name="com.roofingcrm.api.v1.job.JobControllerTest" time="1.067" tests="4" errors="0" skipped="0" failures="0">
  <properties>
[...]
</properties>
  <testcase name="updateJobStatus_returnsOk" classname="com.roofingcrm.api.v1.job.JobControllerTest" time="0.042">
    <system-out><![CDATA[2026-01-12T13:19:01.849-08:00  INFO 76996 --- [roofing-crm-backend] [           main] t.c.s.AnnotationConfigContextLoaderUtils : Could not detect default configuration classes for test class [com.roofingcrm.api.v1.job.JobControllerTest]: JobControllerTest does not declare any static, non-private, non-final, nested classes annotated with @Configuration.
2026-01-12T13:19:01.944-08:00  INFO 76996 --- [roofing-crm-backend] [           main] .b.t.c.SpringBootTestContextBootstrapper : Found @SpringBootConfiguration com.roofingcrm.RoofingCrmApplication for test class com.roofingcrm.api.v1.job.JobControllerTest

  .   ____          _            __ _ _
 /\\ / ___'_ __ _ _(_)_ __  __ _ \ \ \ \
( ( )\___ | '_ | '_| | '_ \/ _` | \ \ \ \
 \\/  ___)| |_)| | | | | || (_| |  ) ) ) )
  '  |____| .__|_| |_|_| |_\__, | / / / /
 =========|_|==============|___/=/_/_/_/
 :: Spring Boot ::                (v3.2.1)

2026-01-12T13:19:02.026-08:00  INFO 76996 --- [roofing-crm-backend] [           main] c.r.api.v1.job.JobControllerTest         : Starting JobControllerTest using Java 21.0.9 with PID 76996 (started by steph in C:\Users\steph\OneDrive\Documents\RoofingCRM\roofing-crm-backend)
2026-01-12T13:19:02.026-08:00  INFO 76996 --- [roofing-crm-backend] [           main] c.r.api.v1.job.JobControllerTest         : No active profile set, falling back to 1 default profile: "default"
2026-01-12T13:19:02.769-08:00  WARN 76996 --- [roofing-crm-backend] [           main] .s.s.UserDetailsServiceAutoConfiguration : 

Using generated security password: 0bffdaaf-c1df-490d-810a-ce164e39d3f7

This generated password is for development use only. Your security configuration must be updated before running your application in production.

2026-01-12T13:19:02.777-08:00  INFO 76996 --- [roofing-crm-backend] [           main] o.s.s.web.DefaultSecurityFilterChain     : Will secure any request with [org.springframework.security.web.session.DisableEncodeUrlFilter@1259b2a5, org.springframework.security.web.context.request.async.WebAsyncManagerIntegrationFilter@6779af40, org.springframework.security.web.context.SecurityContextHolderFilter@7b6b8cea, org.springframework.security.web.header.HeaderWriterFilter@b867869, org.springframework.web.filter.CorsFilter@7cf166db, org.springframework.security.web.csrf.CsrfFilter@2db4a84a, org.springframework.security.web.authentication.logout.LogoutFilter@155767a7, org.springframework.security.web.authentication.UsernamePasswordAuthenticationFilter@2d26c6a2, org.springframework.security.web.authentication.ui.DefaultLoginPageGeneratingFilter@6d5fea64, org.springframework.security.web.authentication.ui.DefaultLogoutPageGeneratingFilter@68303aad, org.springframework.security.web.authentication.www.BasicAuthenticationFilter@362e6fe, org.springframework.security.web.savedrequest.RequestCacheAwareFilter@73158d35, org.springframework.security.web.servletapi.SecurityContextHolderAwareRequestFilter@55a29589, org.springframework.security.web.authentication.AnonymousAuthenticationFilter@37a36194, org.springframework.security.web.access.ExceptionTranslationFilter@5cef5fc9, org.springframework.security.web.access.intercept.AuthorizationFilter@46067a74]
2026-01-12T13:19:02.785-08:00  INFO 76996 --- [roofing-crm-backend] [           main] o.s.b.t.m.w.SpringBootMockServletContext : Initializing Spring TestDispatcherServlet ''
2026-01-12T13:19:02.785-08:00  INFO 76996 --- [roofing-crm-backend] [           main] o.s.t.web.servlet.TestDispatcherServlet  : Initializing Servlet ''
2026-01-12T13:19:02.786-08:00  INFO 76996 --- [roofing-crm-backend] [           main] o.s.t.web.servlet.TestDispatcherServlet  : Completed initialization in 1 ms
2026-01-12T13:19:02.792-08:00  INFO 76996 --- [roofing-crm-backend] [           main] c.r.api.v1.job.JobControllerTest         : Started JobControllerTest in 0.839 seconds (process running for 24.978)
]]></system-out>
  </testcase>
  <testcase name="createJob_withoutRequiredFields_returnsBadRequest" classname="com.roofingcrm.api.v1.job.JobControllerTest" time="0.032"/>
  <testcase name="createJob_returnsCreated" classname="com.roofingcrm.api.v1.job.JobControllerTest" time="0.021"/>
  <testcase name="getJob_returnsOk" classname="com.roofingcrm.api.v1.job.JobControllerTest" time="0.009"/>
</testsuite>